# JRE version: OpenJDK Runtime Environment (17.0.6) (build 17.0.6+0-b2043.56-10027231)
# Java VM: OpenJDK 64-Bit Server VM (17.0.6+0-b2043.56-10027231, mixed mode, tiered, compressed oops, compressed class ptrs, g1 gc, windows-amd64)
GC Precious Log:
 CPUs: 8 total, 8 available
 Memory: 16322M
 Large Page Support: Disabled
 NUMA Support: Disabled
 Compressed Oops: Enabled (32-bit)
 Heap Region Size: 1M
 Heap Min Capacity: 8M
 Heap Initial Capacity: 256M
 Heap Max Capacity: 2G
 Pre-touch: Disabled
 Parallel Workers: 8
 Concurrent Workers: 2
 Concurrent Refinement Workers: 8
 Periodic GC: Disabled
Heap:
 garbage-first heap   total 448512K, used 129857K [0x0000000080000000, 0x0000000100000000)
  region size 1024K, 1 young (1024K), 1 survivors (1024K)
 Metaspace       used 146416K, committed 148416K, reserved 1179648K
  class space    used 19511K, committed 20480K, reserved 1048576K
GC Heap History (20 events):
Event: 6468.690 GC heap after
{Heap after GC invocations=89 (full 1):
 garbage-first heap   total 448512K, used 160383K [0x0000000080000000, 0x0000000100000000)
  region size 1024K, 3 young (3072K), 3 survivors (3072K)
 Metaspace       used 144927K, committed 147136K, reserved 1179648K
  class space    used 19349K, committed 20480K, reserved 1048576K
}
Event: 6468.801 GC heap before
{Heap before GC invocations=89 (full 1):
 garbage-first heap   total 448512K, used 184959K [0x0000000080000000, 0x0000000100000000)
  region size 1024K, 29 young (29696K), 3 survivors (3072K)
 Metaspace       used 144932K, committed 147136K, reserved 1179648K
  class space    used 19349K, committed 20480K, reserved 1048576K
}
Event: 6468.803 GC heap after
{Heap after GC invocations=90 (full 1):
 garbage-first heap   total 448512K, used 159075K [0x0000000080000000, 0x0000000100000000)
  region size 1024K, 2 young (2048K), 2 survivors (2048K)
 Metaspace       used 144932K, committed 147136K, reserved 1179648K
  class space    used 19349K, committed 20480K, reserved 1048576K
}
Event: 7407.459 GC heap before
{Heap before GC invocations=91 (full 1):
 garbage-first heap   total 448512K, used 345443K [0x0000000080000000, 0x0000000100000000)
  region size 1024K, 172 young (176128K), 2 survivors (2048K)
 Metaspace       used 145046K, committed 147200K, reserved 1179648K
  class space    used 19350K, committed 20480K, reserved 1048576K
}
Event: 7407.463 GC heap after
{Heap after GC invocations=92 (full 1):
 garbage-first heap   total 448512K, used 147704K [0x0000000080000000, 0x0000000100000000)
  region size 1024K, 4 young (4096K), 4 survivors (4096K)
 Metaspace       used 145046K, committed 147200K, reserved 1179648K
  class space    used 19350K, committed 20480K, reserved 1048576K
}
Event: 7407.559 GC heap before
{Heap before GC invocations=92 (full 1):
 garbage-first heap   total 448512K, used 165112K [0x0000000080000000, 0x0000000100000000)
  region size 1024K, 21 young (21504K), 4 survivors (4096K)
 Metaspace       used 145053K, committed 147200K, reserved 1179648K
  class space    used 19350K, committed 20480K, reserved 1048576K
}
Event: 7407.566 GC heap after
{Heap after GC invocations=93 (full 1):
 garbage-first heap   total 448512K, used 136247K [0x0000000080000000, 0x0000000100000000)
  region size 1024K, 3 young (3072K), 3 survivors (3072K)
 Metaspace       used 145053K, committed 147200K, reserved 1179648K
  class space    used 19350K, committed 20480K, reserved 1048576K
}
Event: 7407.733 GC heap before
{Heap before GC invocations=93 (full 1):
 garbage-first heap   total 448512K, used 155703K [0x0000000080000000, 0x0000000100000000)
  region size 1024K, 23 young (23552K), 3 survivors (3072K)
 Metaspace       used 145064K, committed 147200K, reserved 1179648K
  class space    used 19351K, committed 20480K, reserved 1048576K
}
Event: 7407.739 GC heap after
{Heap after GC invocations=94 (full 1):
 garbage-first heap   total 448512K, used 139851K [0x0000000080000000, 0x0000000100000000)
  region size 1024K, 7 young (7168K), 7 survivors (7168K)
 Metaspace       used 145064K, committed 147200K, reserved 1179648K
  class space    used 19351K, committed 20480K, reserved 1048576K
}
Event: 7410.470 GC heap before
{Heap before GC invocations=95 (full 1):
 garbage-first heap   total 448512K, used 323147K [0x0000000080000000, 0x0000000100000000)
  region size 1024K, 177 young (181248K), 7 survivors (7168K)
 Metaspace       used 146040K, committed 148096K, reserved 1179648K
  class space    used 19487K, committed 20480K, reserved 1048576K
}
Event: 7410.478 GC heap after
{Heap after GC invocations=96 (full 1):
 garbage-first heap   total 448512K, used 135223K [0x0000000080000000, 0x0000000100000000)
  region size 1024K, 11 young (11264K), 11 survivors (11264K)
 Metaspace       used 146040K, committed 148096K, reserved 1179648K
  class space    used 19487K, committed 20480K, reserved 1048576K
}
Event: 7410.498 GC heap before
{Heap before GC invocations=96 (full 1):
 garbage-first heap   total 448512K, used 146487K [0x0000000080000000, 0x0000000100000000)
  region size 1024K, 21 young (21504K), 11 survivors (11264K)
 Metaspace       used 146042K, committed 148096K, reserved 1179648K
  class space    used 19487K, committed 20480K, reserved 1048576K
}
Event: 7410.505 GC heap after
{Heap after GC invocations=97 (full 1):
 garbage-first heap   total 448512K, used 122644K [0x0000000080000000, 0x0000000100000000)
  region size 1024K, 3 young (3072K), 3 survivors (3072K)
 Metaspace       used 146042K, committed 148096K, reserved 1179648K
  class space    used 19487K, committed 20480K, reserved 1048576K
}
Event: 7410.628 GC heap before
{Heap before GC invocations=97 (full 1):
 garbage-first heap   total 448512K, used 181012K [0x0000000080000000, 0x0000000100000000)
  region size 1024K, 61 young (62464K), 3 survivors (3072K)
 Metaspace       used 146095K, committed 148160K, reserved 1179648K
  class space    used 19487K, committed 20480K, reserved 1048576K
}
Event: 7410.632 GC heap after
{Heap after GC invocations=98 (full 1):
 garbage-first heap   total 448512K, used 125944K [0x0000000080000000, 0x0000000100000000)
  region size 1024K, 6 young (6144K), 6 survivors (6144K)
 Metaspace       used 146095K, committed 148160K, reserved 1179648K
  class space    used 19487K, committed 20480K, reserved 1048576K
}
Event: 7504.873 GC heap before
{Heap before GC invocations=99 (full 1):
 garbage-first heap   total 448512K, used 363512K [0x0000000080000000, 0x0000000100000000)
  region size 1024K, 205 young (209920K), 6 survivors (6144K)
 Metaspace       used 146313K, committed 148352K, reserved 1179648K
  class space    used 19494K, committed 20480K, reserved 1048576K
}
Event: 7504.884 GC heap after
{Heap after GC invocations=100 (full 1):
 garbage-first heap   total 448512K, used 134944K [0x0000000080000000, 0x0000000100000000)
  region size 1024K, 15 young (15360K), 15 survivors (15360K)
 Metaspace       used 146313K, committed 148352K, reserved 1179648K
  class space    used 19494K, committed 20480K, reserved 1048576K
}
Event: 7504.892 GC heap before
{Heap before GC invocations=100 (full 1):
 garbage-first heap   total 448512K, used 140064K [0x0000000080000000, 0x0000000100000000)
  region size 1024K, 21 young (21504K), 15 survivors (15360K)
 Metaspace       used 146313K, committed 148352K, reserved 1179648K
  class space    used 19494K, committed 20480K, reserved 1048576K
}
Event: 7504.899 GC heap after
{Heap after GC invocations=101 (full 1):
 garbage-first heap   total 448512K, used 130854K [0x0000000080000000, 0x0000000100000000)
  region size 1024K, 2 young (2048K), 2 survivors (2048K)
 Metaspace       used 146313K, committed 148352K, reserved 1179648K
  class space    used 19494K, committed 20480K, reserved 1048576K
}
Event: 7505.172 GC heap before
{Heap before GC invocations=101 (full 1):
 garbage-first heap   total 448512K, used 204582K [0x0000000080000000, 0x0000000100000000)
  region size 1024K, 76 young (77824K), 2 survivors (2048K)
 Metaspace       used 146416K, committed 148416K, reserved 1179648K
  class space    used 19511K, committed 20480K, reserved 1048576K
}

